<?xml version="1.0" encoding="UTF-8"?>
<!-- Generated by org.testng.reporters.JUnitXMLReporter -->
<testsuite hostname="TH1554" ignored="0" name="Default test" tests="5" failures="0" timestamp="29 Mar 2018 10:04:39 GMT" time="88.381" errors="0">
  <testcase name="forgotPassFive" time="1.15" classname="com.milvik.mip.passwordmanagement.testrunner.MIP_ForgotPassword_Test"/>
  <testcase name="forgotPassFour" time="2.139" classname="com.milvik.mip.passwordmanagement.testrunner.MIP_ForgotPassword_Test"/>
  <testcase name="forgotPassOne" time="0.397" classname="com.milvik.mip.passwordmanagement.testrunner.MIP_ForgotPassword_Test"/>
  <testcase name="forgotPassThree" time="0.987" classname="com.milvik.mip.passwordmanagement.testrunner.MIP_ForgotPassword_Test"/>
  <testcase name="forgotPassTwo" time="0.991" classname="com.milvik.mip.passwordmanagement.testrunner.MIP_ForgotPassword_Test"/>
</testsuite> <!-- Default test -->
