<?xml version="1.0" encoding="UTF-8"?>
<!-- Generated by org.testng.reporters.JUnitXMLReporter -->
<testsuite hostname="TH1554" ignored="0" name="AddRole_Test" tests="7" failures="0" timestamp="26 Mar 2018 06:20:00 GMT" time="41.327" errors="0">
  <testcase name="addRoleFour" time="8.313" classname="com.milvik.mip.rolemanagement.testrunner.MIP_AddRole_Test"/>
  <testcase name="addRoleFour" time="5.495" classname="com.milvik.mip.rolemanagement.testrunner.MIP_AddRole_Test"/>
  <testcase name="addRoleOne" time="1.08" classname="com.milvik.mip.rolemanagement.testrunner.MIP_AddRole_Test"/>
  <testcase name="addRoleThree" time="6.097" classname="com.milvik.mip.rolemanagement.testrunner.MIP_AddRole_Test"/>
  <testcase name="addRoleThree" time="4.687" classname="com.milvik.mip.rolemanagement.testrunner.MIP_AddRole_Test"/>
  <testcase name="roleManagement" time="0.103" classname="com.milvik.mip.rolemanagement.testrunner.MIP_AddRole_Test"/>
  <testcase name="addRoleTwo" time="13.292" classname="com.milvik.mip.rolemanagement.testrunner.MIP_AddRole_Test"/>
</testsuite> <!-- AddRole_Test -->
