<?xml version="1.0" encoding="UTF-8"?>
<!-- Generated by org.testng.reporters.JUnitXMLReporter -->
<testsuite hostname="TH1554" ignored="0" name="AdminConfig_Test" tests="12" failures="0" timestamp="26 Mar 2018 08:36:58 GMT" time="19.059" errors="0">
  <testcase name="adminConfigOne" time="0.878" classname="com.milvik.mip.adminconfig.testrunner.MIP_AdminConfiguration_Test"/>
  <testcase name="adminConfigThree" time="1.726" classname="com.milvik.mip.adminconfig.testrunner.MIP_AdminConfiguration_Test"/>
  <testcase name="adminConfigThree" time="1.58" classname="com.milvik.mip.adminconfig.testrunner.MIP_AdminConfiguration_Test"/>
  <testcase name="adminConfigThree" time="1.642" classname="com.milvik.mip.adminconfig.testrunner.MIP_AdminConfiguration_Test"/>
  <testcase name="adminConfigThree" time="1.207" classname="com.milvik.mip.adminconfig.testrunner.MIP_AdminConfiguration_Test"/>
  <testcase name="adminConfigThree" time="1.136" classname="com.milvik.mip.adminconfig.testrunner.MIP_AdminConfiguration_Test"/>
  <testcase name="adminConfigThree" time="1.087" classname="com.milvik.mip.adminconfig.testrunner.MIP_AdminConfiguration_Test"/>
  <testcase name="adminConfigThree" time="1.071" classname="com.milvik.mip.adminconfig.testrunner.MIP_AdminConfiguration_Test"/>
  <testcase name="adminConfigThree" time="1.088" classname="com.milvik.mip.adminconfig.testrunner.MIP_AdminConfiguration_Test"/>
  <testcase name="adminConfigThree" time="1.068" classname="com.milvik.mip.adminconfig.testrunner.MIP_AdminConfiguration_Test"/>
  <testcase name="adminConfigThree" time="1.067" classname="com.milvik.mip.adminconfig.testrunner.MIP_AdminConfiguration_Test"/>
  <testcase name="adminConfigTwo" time="4.077" classname="com.milvik.mip.adminconfig.testrunner.MIP_AdminConfiguration_Test"/>
</testsuite> <!-- AdminConfig_Test -->
