<?xml version="1.0" encoding="UTF-8"?>
<!-- Generated by org.testng.reporters.JUnitXMLReporter -->
<testsuite hostname="TH1554" ignored="1" name="CoverHistory_Test" tests="7" failures="0" timestamp="28 Mar 2018 04:19:46 GMT" time="33.399" errors="0">
  <testcase name="coverHistoryOne" time="14.833" classname="com.milvik.mip.customermanagement.testrunner.MIP_CoverHistory_Test"/>
  <testcase name="coverHistoryOne" time="0.386" classname="com.milvik.mip.customermanagement.testrunner.MIP_CoverHistory_Test"/>
  <testcase name="coverHistoryOne" time="0.935" classname="com.milvik.mip.customermanagement.testrunner.MIP_CoverHistory_Test"/>
  <testcase name="coverHistoryOne" time="0.396" classname="com.milvik.mip.customermanagement.testrunner.MIP_CoverHistory_Test"/>
  <testcase name="coverHistoryOne" time="0.9" classname="com.milvik.mip.customermanagement.testrunner.MIP_CoverHistory_Test"/>
  <testcase name="coverHistoryOne" time="0.362" classname="com.milvik.mip.customermanagement.testrunner.MIP_CoverHistory_Test"/>
  <testcase name="coverHistoryTwo" time="13.174" classname="com.milvik.mip.customermanagement.testrunner.MIP_CoverHistory_Test"/>
  <testcase name="coverHistoryThree" time="0.0" classname="com.milvik.mip.customermanagement.testrunner.MIP_CoverHistory_Test">
    <ignored/>
  </testcase> <!-- coverHistoryThree -->
</testsuite> <!-- CoverHistory_Test -->
