<?xml version="1.0" encoding="UTF-8"?>
<!-- Generated by org.testng.reporters.JUnitXMLReporter -->
<testsuite hostname="TH1554" ignored="2" name="CustomerRegistration_Test" tests="4" failures="0" timestamp="28 Mar 2018 04:21:09 GMT" time="83.068" errors="0">
  <testcase name="regCustOne" time="12.802" classname="com.milvik.mip.customermanagement.testrunner.MIP_CustRegistration_Test"/>
  <testcase name="regCustTwo" time="6.488" classname="com.milvik.mip.customermanagement.testrunner.MIP_CustRegistration_Test"/>
  <testcase name="regCustFive" time="17.707" classname="com.milvik.mip.customermanagement.testrunner.MIP_CustRegistration_Test"/>
  <testcase name="regCustFive" time="15.532" classname="com.milvik.mip.customermanagement.testrunner.MIP_CustRegistration_Test"/>
  <testcase name="regCustThree" time="0.0" classname="com.milvik.mip.customermanagement.testrunner.MIP_CustRegistration_Test">
    <ignored/>
  </testcase> <!-- regCustThree -->
  <testcase name="regCustFour" time="0.0" classname="com.milvik.mip.customermanagement.testrunner.MIP_CustRegistration_Test">
    <ignored/>
  </testcase> <!-- regCustFour -->
</testsuite> <!-- CustomerRegistration_Test -->
