<?xml version="1.0" encoding="UTF-8"?>
<!-- Generated by org.testng.reporters.JUnitXMLReporter -->
<testsuite hostname="TH1554" ignored="2" name="DeRegister_Test" tests="7" failures="0" timestamp="28 Mar 2018 04:24:25 GMT" time="16.022" errors="0">
  <testcase name="deRegCustOne" time="1.43" classname="com.milvik.mip.customermanagement.testrunner.MIP_DeRegisterCustomer_Test"/>
  <testcase name="deRegCustOne" time="0.898" classname="com.milvik.mip.customermanagement.testrunner.MIP_DeRegisterCustomer_Test"/>
  <testcase name="deRegCustOne" time="0.383" classname="com.milvik.mip.customermanagement.testrunner.MIP_DeRegisterCustomer_Test"/>
  <testcase name="deRegCustOne" time="0.928" classname="com.milvik.mip.customermanagement.testrunner.MIP_DeRegisterCustomer_Test"/>
  <testcase name="deRegCustOne" time="0.423" classname="com.milvik.mip.customermanagement.testrunner.MIP_DeRegisterCustomer_Test"/>
  <testcase name="deRegCustOne" time="0.943" classname="com.milvik.mip.customermanagement.testrunner.MIP_DeRegisterCustomer_Test"/>
  <testcase name="deRegCustTwo" time="10.742" classname="com.milvik.mip.customermanagement.testrunner.MIP_DeRegisterCustomer_Test"/>
  <testcase name="deRegCustFour" time="0.0" classname="com.milvik.mip.customermanagement.testrunner.MIP_DeRegisterCustomer_Test">
    <ignored/>
  </testcase> <!-- deRegCustFour -->
  <testcase name="deRegCustThree" time="0.0" classname="com.milvik.mip.customermanagement.testrunner.MIP_DeRegisterCustomer_Test">
    <ignored/>
  </testcase> <!-- deRegCustThree -->
</testsuite> <!-- DeRegister_Test -->
