<?xml version="1.0" encoding="UTF-8"?>
<!-- Generated by org.testng.reporters.JUnitXMLReporter -->
<testsuite hostname="TH1554" ignored="0" name="EditSMS_Test" tests="6" failures="0" timestamp="26 Mar 2018 06:05:52 GMT" time="11.056" errors="0">
  <testcase name="editSMSFive" time="1.7" classname="com.milvik.mip.smsmanagement.testrunner.MIP_EditSMS_Test"/>
  <testcase name="editSMSFour" time="0.726" classname="com.milvik.mip.smsmanagement.testrunner.MIP_EditSMS_Test"/>
  <testcase name="editSMSOne" time="0.06" classname="com.milvik.mip.smsmanagement.testrunner.MIP_EditSMS_Test"/>
  <testcase name="editSMSSix" time="1.456" classname="com.milvik.mip.smsmanagement.testrunner.MIP_EditSMS_Test"/>
  <testcase name="editSMSThree" time="3.172" classname="com.milvik.mip.smsmanagement.testrunner.MIP_EditSMS_Test"/>
  <testcase name="editSMSTwo" time="1.723" classname="com.milvik.mip.smsmanagement.testrunner.MIP_EditSMS_Test"/>
</testsuite> <!-- EditSMS_Test -->
