<?xml version="1.0" encoding="UTF-8"?>
<!-- Generated by org.testng.reporters.JUnitXMLReporter -->
<testsuite hostname="TH1554" ignored="0" name="ForgotPassword_Test" tests="5" failures="0" timestamp="26 Mar 2018 06:39:24 GMT" time="9.156" errors="0">
  <testcase name="forgotPassFive" time="0.618" classname="com.milvik.mip.passwordmanagement.testrunner.MIP_ForgotPassword_Test"/>
  <testcase name="forgotPassFour" time="1.769" classname="com.milvik.mip.passwordmanagement.testrunner.MIP_ForgotPassword_Test"/>
  <testcase name="forgotPassOne" time="0.5" classname="com.milvik.mip.passwordmanagement.testrunner.MIP_ForgotPassword_Test"/>
  <testcase name="forgotPassThree" time="0.991" classname="com.milvik.mip.passwordmanagement.testrunner.MIP_ForgotPassword_Test"/>
  <testcase name="forgotPassTwo" time="1.007" classname="com.milvik.mip.passwordmanagement.testrunner.MIP_ForgotPassword_Test"/>
</testsuite> <!-- ForgotPassword_Test -->
