<?xml version="1.0" encoding="UTF-8"?>
<!-- Generated by org.testng.reporters.JUnitXMLReporter -->
<testsuite hostname="TH1554" ignored="1" name="Login_Test" tests="9" failures="1" timestamp="26 Mar 2018 06:46:27 GMT" time="29.316" errors="0">
  <testcase name="loginTestFive" time="20.288" classname="com.milvik.mip.loginlogout.testrunner.MIP_Login_Test">
    <failure type="org.openqa.selenium.NoSuchElementException" message="Unable to locate element: #loginId
For documentation on this error, please visit: http://seleniumhq.org/exceptions/no_such_element.html
Build info: version: &amp;apos;3.8.1&amp;apos;, revision: &amp;apos;6e95a6684b&amp;apos;, time: &amp;apos;2017-12-01T18:33:54.468Z&amp;apos;
System info: host: &amp;apos;TH1554&amp;apos;, ip: &amp;apos;172.16.10.63&amp;apos;, os.name: &amp;apos;Windows 8.1&amp;apos;, os.arch: &amp;apos;amd64&amp;apos;, os.version: &amp;apos;6.3&amp;apos;, java.version: &amp;apos;1.8.0_121&amp;apos;
Driver info: org.openqa.selenium.firefox.FirefoxDriver
Capabilities {acceptInsecureCerts: true, browserName: firefox, browserVersion: 57.0, javascriptEnabled: true, moz:accessibilityChecks: false, moz:headless: false, moz:processID: 9856, moz:profile: C:\Users\srilatha_yajnanara..., moz:webdriverClick: false, pageLoadStrategy: normal, platform: XP, platformName: XP, platformVersion: 6.3, rotatable: false, timeouts: {implicit: 0, pageLoad: 300000, script: 30000}}
Session ID: 6bbe941d-44e6-4ebb-9caa-2a7728177a94
*** Element info: {Using=id, value=loginId}">
      <![CDATA[org.openqa.selenium.NoSuchElementException: Unable to locate element: #loginId
For documentation on this error, please visit: http://seleniumhq.org/exceptions/no_such_element.html
Build info: version: '3.8.1', revision: '6e95a6684b', time: '2017-12-01T18:33:54.468Z'
System info: host: 'TH1554', ip: '172.16.10.63', os.name: 'Windows 8.1', os.arch: 'amd64', os.version: '6.3', java.version: '1.8.0_121'
Driver info: org.openqa.selenium.firefox.FirefoxDriver
Capabilities {acceptInsecureCerts: true, browserName: firefox, browserVersion: 57.0, javascriptEnabled: true, moz:accessibilityChecks: false, moz:headless: false, moz:processID: 9856, moz:profile: C:\Users\srilatha_yajnanara..., moz:webdriverClick: false, pageLoadStrategy: normal, platform: XP, platformName: XP, platformVersion: 6.3, rotatable: false, timeouts: {implicit: 0, pageLoad: 300000, script: 30000}}
Session ID: 6bbe941d-44e6-4ebb-9caa-2a7728177a94
*** Element info: {Using=id, value=loginId}
	at org.openqa.selenium.remote.http.W3CHttpResponseCodec.createException(W3CHttpResponseCodec.java:187)
	at org.openqa.selenium.remote.http.W3CHttpResponseCodec.decode(W3CHttpResponseCodec.java:122)
	at org.openqa.selenium.remote.http.W3CHttpResponseCodec.decode(W3CHttpResponseCodec.java:49)
	at org.openqa.selenium.remote.HttpCommandExecutor.execute(HttpCommandExecutor.java:164)
	at org.openqa.selenium.remote.service.DriverCommandExecutor.execute(DriverCommandExecutor.java:83)
	at org.openqa.selenium.remote.RemoteWebDriver.execute(RemoteWebDriver.java:601)
	at org.openqa.selenium.remote.RemoteWebDriver.findElement(RemoteWebDriver.java:371)
	at org.openqa.selenium.remote.RemoteWebDriver.findElementById(RemoteWebDriver.java:417)
	at org.openqa.selenium.By$ById.findElement(By.java:218)
	at org.openqa.selenium.remote.RemoteWebDriver.findElement(RemoteWebDriver.java:363)
	at org.openqa.selenium.support.pagefactory.DefaultElementLocator.findElement(DefaultElementLocator.java:69)
	at org.openqa.selenium.support.pagefactory.internal.LocatingElementHandler.invoke(LocatingElementHandler.java:38)
	at com.sun.proxy.$Proxy15.sendKeys(Unknown Source)
	at com.milvik.mip.pageobjects.MIP_LoginPage.login(MIP_LoginPage.java:40)
	at com.milvik.mip.loginlogout.testrunner.MIP_Login_Test.loginTestFive(MIP_Login_Test.java:181)
... Removed 29 stack frames]]>
    </failure>
  </testcase> <!-- loginTestFive -->
  <testcase name="loginTestFour" time="0.933" classname="com.milvik.mip.loginlogout.testrunner.MIP_Login_Test"/>
  <testcase name="loginTestFour" time="0.394" classname="com.milvik.mip.loginlogout.testrunner.MIP_Login_Test"/>
  <testcase name="loginTestFour" time="1.148" classname="com.milvik.mip.loginlogout.testrunner.MIP_Login_Test"/>
  <testcase name="loginTestFour" time="0.344" classname="com.milvik.mip.loginlogout.testrunner.MIP_Login_Test"/>
  <testcase name="loginTestFour" time="1.322" classname="com.milvik.mip.loginlogout.testrunner.MIP_Login_Test"/>
  <testcase name="loginTestOne" time="3.344" classname="com.milvik.mip.loginlogout.testrunner.MIP_Login_Test"/>
  <testcase name="loginTestSix" time="0.749" classname="com.milvik.mip.loginlogout.testrunner.MIP_Login_Test"/>
  <testcase name="loginTestThree" time="0.298" classname="com.milvik.mip.loginlogout.testrunner.MIP_Login_Test"/>
  <testcase name="loginTestTwo" time="0.0" classname="com.milvik.mip.loginlogout.testrunner.MIP_Login_Test">
    <ignored/>
  </testcase> <!-- loginTestTwo -->
</testsuite> <!-- Login_Test -->
