<?xml version="1.0" encoding="UTF-8"?>
<!-- Generated by org.testng.reporters.JUnitXMLReporter -->
<testsuite hostname="TH1554" ignored="0" name="Logout_Test" tests="11" failures="0" timestamp="26 Mar 2018 06:46:56 GMT" time="29.112" errors="0">
  <testcase name="logoutTestOne" time="2.523" classname="com.milvik.mip.loginlogout.testrunner.MIP_Logout_Test"/>
  <testcase name="logoutTestTwo" time="2.688" classname="com.milvik.mip.loginlogout.testrunner.MIP_Logout_Test"/>
  <testcase name="logoutTestTwo" time="1.991" classname="com.milvik.mip.loginlogout.testrunner.MIP_Logout_Test"/>
  <testcase name="logoutTestTwo" time="1.933" classname="com.milvik.mip.loginlogout.testrunner.MIP_Logout_Test"/>
  <testcase name="logoutTestTwo" time="3.339" classname="com.milvik.mip.loginlogout.testrunner.MIP_Logout_Test"/>
  <testcase name="logoutTestTwo" time="1.939" classname="com.milvik.mip.loginlogout.testrunner.MIP_Logout_Test"/>
  <testcase name="logoutTestTwo" time="2.063" classname="com.milvik.mip.loginlogout.testrunner.MIP_Logout_Test"/>
  <testcase name="logoutTestTwo" time="2.741" classname="com.milvik.mip.loginlogout.testrunner.MIP_Logout_Test"/>
  <testcase name="logoutTestTwo" time="2.64" classname="com.milvik.mip.loginlogout.testrunner.MIP_Logout_Test"/>
  <testcase name="logoutTestTwo" time="2.544" classname="com.milvik.mip.loginlogout.testrunner.MIP_Logout_Test"/>
  <testcase name="logoutTestTwo" time="2.471" classname="com.milvik.mip.loginlogout.testrunner.MIP_Logout_Test"/>
</testsuite> <!-- Logout_Test -->
