<?xml version="1.0" encoding="UTF-8"?>
<!-- Generated by org.testng.reporters.JUnitXMLReporter -->
<testsuite hostname="TH1554" ignored="1" name="Loyalty_Test" tests="7" failures="0" timestamp="28 Mar 2018 04:24:09 GMT" time="50.173" errors="0">
  <testcase name="loyaltyOne" time="14.008" classname="com.milvik.mip.customermanagement.testrunner.MIP_Loyalty_Test"/>
  <testcase name="loyaltyOne" time="4.642" classname="com.milvik.mip.customermanagement.testrunner.MIP_Loyalty_Test"/>
  <testcase name="loyaltyOne" time="1.814" classname="com.milvik.mip.customermanagement.testrunner.MIP_Loyalty_Test"/>
  <testcase name="loyaltyThree" time="9.98" classname="com.milvik.mip.customermanagement.testrunner.MIP_Loyalty_Test"/>
  <testcase name="loyaltyThree" time="2.529" classname="com.milvik.mip.customermanagement.testrunner.MIP_Loyalty_Test"/>
  <testcase name="loyaltyThree" time="4.701" classname="com.milvik.mip.customermanagement.testrunner.MIP_Loyalty_Test"/>
  <testcase name="loyaltyTwo" time="12.012" classname="com.milvik.mip.customermanagement.testrunner.MIP_Loyalty_Test"/>
  <testcase name="loyaltyFour" time="0.0" classname="com.milvik.mip.customermanagement.testrunner.MIP_Loyalty_Test">
    <ignored/>
  </testcase> <!-- loyaltyFour -->
</testsuite> <!-- Loyalty_Test -->
