<?xml version="1.0" encoding="UTF-8"?>
<!-- Generated by org.testng.reporters.JUnitXMLReporter -->
<testsuite hostname="TH1554" ignored="0" name="Test" tests="21" failures="0" timestamp="27 Mar 2018 05:50:33 GMT" time="194.099" errors="0">
  <testcase name="claimManagementFive" time="5.745" classname="com.milvik.mip.claimsmanagement.testrunner.MIP_SearchModifyCustomer_Test"/>
  <testcase name="claimManagementFive" time="5.524" classname="com.milvik.mip.claimsmanagement.testrunner.MIP_SearchModifyCustomer_Test"/>
  <testcase name="claimManagementFive" time="5.085" classname="com.milvik.mip.claimsmanagement.testrunner.MIP_SearchModifyCustomer_Test"/>
  <testcase name="claimManagementFive" time="5.691" classname="com.milvik.mip.claimsmanagement.testrunner.MIP_SearchModifyCustomer_Test"/>
  <testcase name="claimManagementFour" time="5.44" classname="com.milvik.mip.claimsmanagement.testrunner.MIP_SearchModifyCustomer_Test"/>
  <testcase name="claimManagementFour" time="5.805" classname="com.milvik.mip.claimsmanagement.testrunner.MIP_SearchModifyCustomer_Test"/>
  <testcase name="claimManagementFour" time="6.484" classname="com.milvik.mip.claimsmanagement.testrunner.MIP_SearchModifyCustomer_Test"/>
  <testcase name="claimManagementFour" time="6.031" classname="com.milvik.mip.claimsmanagement.testrunner.MIP_SearchModifyCustomer_Test"/>
  <testcase name="claimManagementFour" time="6.313" classname="com.milvik.mip.claimsmanagement.testrunner.MIP_SearchModifyCustomer_Test"/>
  <testcase name="claimManagementOne" time="1.339" classname="com.milvik.mip.claimsmanagement.testrunner.MIP_SearchModifyCustomer_Test"/>
  <testcase name="claimManagementSix" time="36.271" classname="com.milvik.mip.claimsmanagement.testrunner.MIP_SearchModifyCustomer_Test"/>
  <testcase name="claimManagementSix" time="21.859" classname="com.milvik.mip.claimsmanagement.testrunner.MIP_SearchModifyCustomer_Test"/>
  <testcase name="claimManagementSix" time="43.213" classname="com.milvik.mip.claimsmanagement.testrunner.MIP_SearchModifyCustomer_Test"/>
  <testcase name="claimManagementThree" time="6.14" classname="com.milvik.mip.claimsmanagement.testrunner.MIP_SearchModifyCustomer_Test"/>
  <testcase name="claimManagementThree" time="5.644" classname="com.milvik.mip.claimsmanagement.testrunner.MIP_SearchModifyCustomer_Test"/>
  <testcase name="claimManagementThree" time="5.567" classname="com.milvik.mip.claimsmanagement.testrunner.MIP_SearchModifyCustomer_Test"/>
  <testcase name="claimManagementThree" time="6.676" classname="com.milvik.mip.claimsmanagement.testrunner.MIP_SearchModifyCustomer_Test"/>
  <testcase name="claimManagementThree" time="7.428" classname="com.milvik.mip.claimsmanagement.testrunner.MIP_SearchModifyCustomer_Test"/>
  <testcase name="claimManagementTwo" time="2.949" classname="com.milvik.mip.claimsmanagement.testrunner.MIP_SearchModifyCustomer_Test"/>
  <testcase name="claimManagementTwo" time="1.395" classname="com.milvik.mip.claimsmanagement.testrunner.MIP_SearchModifyCustomer_Test"/>
  <testcase name="claimManagementTwo" time="1.421" classname="com.milvik.mip.claimsmanagement.testrunner.MIP_SearchModifyCustomer_Test"/>
</testsuite> <!-- Test -->
