<?xml version="1.0" encoding="UTF-8"?>
<!-- Generated by org.testng.reporters.JUnitXMLReporter -->
<testsuite hostname="TH1554" ignored="0" name="Test_SearchUser" tests="12" failures="0" timestamp="26 Mar 2018 05:56:55 GMT" time="18.624" errors="0">
  <testcase name="searchUserFive" time="0.75" classname="com.milvik.mip.usermanagement.testrunner.MIP_SearchUser_Test"/>
  <testcase name="searchUserFour" time="1.243" classname="com.milvik.mip.usermanagement.testrunner.MIP_SearchUser_Test"/>
  <testcase name="searchUserFour" time="0.964" classname="com.milvik.mip.usermanagement.testrunner.MIP_SearchUser_Test"/>
  <testcase name="searchUserFour" time="0.898" classname="com.milvik.mip.usermanagement.testrunner.MIP_SearchUser_Test"/>
  <testcase name="searchUserOne" time="0.175" classname="com.milvik.mip.usermanagement.testrunner.MIP_SearchUser_Test"/>
  <testcase name="searchUserThree" time="0.64" classname="com.milvik.mip.usermanagement.testrunner.MIP_SearchUser_Test"/>
  <testcase name="searchUserTwo" time="1.337" classname="com.milvik.mip.usermanagement.testrunner.MIP_SearchUser_Test"/>
  <testcase name="searchUserTwo" time="1.439" classname="com.milvik.mip.usermanagement.testrunner.MIP_SearchUser_Test"/>
  <testcase name="searchUserTwo" time="2.435" classname="com.milvik.mip.usermanagement.testrunner.MIP_SearchUser_Test"/>
  <testcase name="searchUserTwo" time="2.347" classname="com.milvik.mip.usermanagement.testrunner.MIP_SearchUser_Test"/>
  <testcase name="searchUserTwo" time="2.794" classname="com.milvik.mip.usermanagement.testrunner.MIP_SearchUser_Test"/>
  <testcase name="searchUserTwo" time="1.978" classname="com.milvik.mip.usermanagement.testrunner.MIP_SearchUser_Test"/>
</testsuite> <!-- Test_SearchUser -->
