<?xml version="1.0" encoding="UTF-8"?>
<!-- Generated by org.testng.reporters.JUnitXMLReporter -->
<testsuite hostname="TH1554" ignored="0" name="Test_ListUser" tests="5" failures="0" timestamp="26 Mar 2018 05:58:33 GMT" time="69.685" errors="0">
  <testcase name="listUserOne" time="3.058" classname="com.milvik.mip.usermanagement.testrunner.MIP_ListUser_Test"/>
  <testcase name="listUserThree" time="9.584" classname="com.milvik.mip.usermanagement.testrunner.MIP_ListUser_Test"/>
  <testcase name="listUserThree" time="23.998" classname="com.milvik.mip.usermanagement.testrunner.MIP_ListUser_Test"/>
  <testcase name="listUserTwo" time="6.399" classname="com.milvik.mip.usermanagement.testrunner.MIP_ListUser_Test"/>
  <testcase name="listUserTwo" time="26.376" classname="com.milvik.mip.usermanagement.testrunner.MIP_ListUser_Test"/>
</testsuite> <!-- Test_ListUser -->
