<?xml version="1.0" encoding="UTF-8"?>
<!-- Generated by org.testng.reporters.JUnitXMLReporter -->
<testsuite hostname="TH1554" ignored="0" name="Test_AddUser" tests="8" failures="0" timestamp="26 Mar 2018 05:57:24 GMT" time="28.758" errors="0">
  <testcase name="addUserOne" time="4.927" classname="com.milvik.mip.usermanagement.testrunner.MIP_AddUser_Test"/>
  <testcase name="addUserPassFour" time="2.766" classname="com.milvik.mip.usermanagement.testrunner.MIP_AddUser_Test"/>
  <testcase name="addUserPassFour" time="3.113" classname="com.milvik.mip.usermanagement.testrunner.MIP_AddUser_Test"/>
  <testcase name="addUserPassFour" time="3.007" classname="com.milvik.mip.usermanagement.testrunner.MIP_AddUser_Test"/>
  <testcase name="addUserPassFour" time="3.143" classname="com.milvik.mip.usermanagement.testrunner.MIP_AddUser_Test"/>
  <testcase name="addUserPassFour" time="2.864" classname="com.milvik.mip.usermanagement.testrunner.MIP_AddUser_Test"/>
  <testcase name="addUserPassFour" time="2.927" classname="com.milvik.mip.usermanagement.testrunner.MIP_AddUser_Test"/>
  <testcase name="addUserPassTwo" time="5.708" classname="com.milvik.mip.usermanagement.testrunner.MIP_AddUser_Test"/>
</testsuite> <!-- Test_AddUser -->
