<?xml version="1.0" encoding="UTF-8"?>
<!-- Generated by org.testng.reporters.JUnitXMLReporter -->
<testsuite hostname="TH1554" ignored="0" name="Test_ResetPass" tests="4" failures="0" timestamp="26 Mar 2018 05:56:36 GMT" time="11.448" errors="0">
  <testcase name="resetPasswordOne" time="0.729" classname="com.milvik.mip.usermanagement.testrunner.MIP_ResetPassword_Test"/>
  <testcase name="resetPasswordThree" time="1.236" classname="com.milvik.mip.usermanagement.testrunner.MIP_ResetPassword_Test"/>
  <testcase name="resetPasswordThree" time="0.415" classname="com.milvik.mip.usermanagement.testrunner.MIP_ResetPassword_Test"/>
  <testcase name="resetPasswordTwo" time="6.432" classname="com.milvik.mip.usermanagement.testrunner.MIP_ResetPassword_Test"/>
</testsuite> <!-- Test_ResetPass -->
